<?xml version="1.0" encoding="UTF-8"?>
<!-- Generated by org.testng.reporters.JUnitReportReporter -->
<testsuite hostname="MariaBegum" failures="0" tests="1" name="pagetest.HomePageTest" time="35.463" errors="0" timestamp="2024-11-05T21:22:51 EST" skipped="0">
  <testcase classname="pagetest.HomePageTest" name="clicklogotest" time="35.463"/>
</testsuite> <!-- pagetest.HomePageTest -->
